#
# A fatal error has been detected by the Java Runtime Environment:
#
#  EXCEPTION_ACCESS_VIOLATION (0xc0000005) at pc=0x00007fff9f6b8f80, pid=7196, tid=11148
#
# JRE version: OpenJDK Runtime Environment Temurin-21.0.7+6 (21.0.7+6) (build 21.0.7+6-LTS)
# Java VM: OpenJDK 64-Bit Server VM Temurin-21.0.7+6 (21.0.7+6-LTS, mixed mode, sharing, tiered, compressed oops, compressed class ptrs, g1 gc, windows-amd64)
# Problematic frame:
# C  [KERNELBASE.dll+0xd8198]
#
# No core dump will be written. Minidumps are not enabled by default on client versions of Windows
#
# If you would like to submit a bug report, please visit:
#   https://github.com/adoptium/adoptium-support/issues
#

---------------  S U M M A R Y ------------

Command Line: -Dfile.encoding=UTF-8 -Dstdout.encoding=UTF-8 -Dstderr.encoding=UTF-8 -XX:+ShowCodeDetailsInExceptionMessages com.rms.restaurant_management_system_backend.RestaurantManagementSystemBackendApplication

Host: 11th Gen Intel(R) Core(TM) i7-11800H @ 2.30GHz, 16 cores, 15G,  Windows 11 , 64 bit Build 26100 (10.0.26100.4768)
Time: Fri Aug 22 20:20:43 2025 India Standard Time elapsed time: 263.743814 seconds (0d 0h 4m 23s)

---------------  T H R E A D  ---------------

Current thread (0x0000026de6ec6670):  WatcherThread "VM Periodic Task Thread" [id=11148, stack(0x000000a298c00000,0x000000a298d00000) (1024K)]

Stack: [0x000000a298c00000,0x000000a298d00000],  sp=0x000000a298cffad0,  free space=1022k
Native frames: (J=compiled Java code, j=interpreted, Vv=VM code, C=native code)
C  0x00007fff9f6b8f80


siginfo: EXCEPTION_ACCESS_VIOLATION (0xc0000005), data execution prevention violation at address 0x00007fff9f6b8f80


Registers:
RAX=0x0000000000000032, RBX=0x0000000000000000, RCX=0x00007fff0113d438, RDX=0x00007fff0113d410
RSP=0x000000a298cffac8, RBP=0x0000000000000001, RSI=0x0000000000000032, RDI=0x00007fff0113d408
R8 =0x000000a298cffb18, R9 =0x00007fff0113d438, R10=0x0000000000000001, R11=0xfffffffffb4b3276
R12=0x0000000000000002, R13=0x431bde82d7b634db, R14=0x00000077ae981720, R15=0x0000026de6d9d400
RIP=0x00007fff9f6b8f80, EFLAGS=0x0000000000010282

XMM[0]=0x0000000000000000 0x416312d000000000
XMM[1]=0x0000000000000000 0x425deba605c80000
XMM[2]=0x0000000000000000 0x0000000000000000
XMM[3]=0x0000000000000000 0x0000000000000000
XMM[4]=0x0000000000000000 0x0000000000000000
XMM[5]=0x0000000000000000 0x0000000000000000
XMM[6]=0x0000000000000000 0x0000000000000000
XMM[7]=0x0000000000000000 0x0000000000000000
XMM[8]=0x0000000000000000 0x0000000000000000
XMM[9]=0x0000000000000000 0x0000000000000000
XMM[10]=0x0000000000000000 0x0000000000000000
XMM[11]=0x0000000000000000 0x0000000000000000
XMM[12]=0x0000000000000000 0x0000000000000000
XMM[13]=0x0000000000000000 0x0000000000000000
XMM[14]=0x0000000000000000 0x0000000000000000
XMM[15]=0x0000000000000000 0x0000000000000000
  MXCSR=0x00001fa0


Register to memory mapping:

RAX=0x0000000000000032 is an unknown value
RBX=0x0 is null
RCX=0x00007fff0113d438 jvm.dll
RDX=0x00007fff0113d410 jvm.dll
RSP=0x000000a298cffac8 points into unknown readable memory: 0x00007fff9ab18198 | 98 81 b1 9a ff 7f 00 00
RBP=0x0000000000000001 is an unknown value
RSI=0x0000000000000032 is an unknown value
RDI=0x00007fff0113d408 jvm.dll
R8 =0x000000a298cffb18 points into unknown readable memory: 0xfffffffffff85ee0 | e0 5e f8 ff ff ff ff ff
R9 =0x00007fff0113d438 jvm.dll
R10=0x0000000000000001 is an unknown value
R11=0xfffffffffb4b3276 is an unknown value
R12=0x0000000000000002 is an unknown value
R13=0x431bde82d7b634db is an unknown value
R14=0x00000077ae981720 is an unknown value
R15=0x0000026de6d9d400 points into unknown readable memory: 0x0000000000000004 | 04 00 00 00 00 00 00 00

Top of Stack: (sp=0x000000a298cffac8)
0x000000a298cffac8:   00007fff9ab18198 0000000000000000
0x000000a298cffad8:   0000000000000001 0000000000000000
0x000000a298cffae8:   00007fff00c37b4f 00007fff0113d408
0x000000a298cffaf8:   00007fff00b5d08a 0000026de6ec6670
0x000000a298cffb08:   00007fff0054fb66 00007fff0114df28
0x000000a298cffb18:   fffffffffff85ee0 0000000000000040
0x000000a298cffb28:   00007fff00b2c3a5 0000000000000032
0x000000a298cffb38:   00000077aabe92f0 0000000000000040
0x000000a298cffb48:   00007fff0113d408 0000000000000040
0x000000a298cffb58:   00007fff00b3b43b 0000000000000032
0x000000a298cffb68:   00007fff0113d408 0000000000000040
0x000000a298cffb78:   0000000000000032 0000026de6da6100
0x000000a298cffb88:   00007fff00b5c20d 000000a298c00000
0x000000a298cffb98:   00007fff00000000 0000026de6ec6670
0x000000a298cffba8:   0000000000000000 0000026de6da6100
0x000000a298cffbb8:   00007fff00000018 0000026de6ec6670
0x000000a298cffbc8:   0000000000000000 0000000000100000
0x000000a298cffbd8:   0000000000000000 0000000000000000
0x000000a298cffbe8:   00007fff00ce1f6b 0000026de6ec6670
0x000000a298cffbf8:   0000000000000000 0000000000000000
0x000000a298cffc08:   000000a298c00000 0000000000000004
0x000000a298cffc18:   0000000000001000 0000000400001000
0x000000a298cffc28:   0000000000020000 0000000000000000
0x000000a298cffc38:   00007fff9aafeffb 0000026de6ec6670
0x000000a298cffc48:   0000000000000000 0000000000000000
0x000000a298cffc58:   00007fff9a7874bf 0000000000000000
0x000000a298cffc68:   00007fff00b5c7dd 0000000000000000
0x000000a298cffc78:   0000026de6ec6670 00000000000075a3
0x000000a298cffc88:   0000000000000000 0000000000000000
0x000000a298cffc98:   00007fff9a7737b0 0000026d000075a3
0x000000a298cffca8:   0000026de6d9d280 0000000000000000
0x000000a298cffcb8:   0000000000000000 0000000000000000 

Instructions: (pc=0x00007fff9ab18198)
0x00007fff9ab18098:   ef 10 75 f0 ff c5 3b 2f 72 b5 48 8b 84 24 90 00
0x00007fff9ab180a8:   00 00 45 33 c9 48 89 44 24 28 45 33 c0 ba ff 01
0x00007fff9ab180b8:   0f 00 c7 44 24 20 01 00 00 00 49 8b cf 48 ff 15
0x00007fff9ab180c8:   bc db 1b 00 0f 1f 44 00 00 8b d8 48 85 ff 75 53
0x00007fff9ab180d8:   65 48 8b 0c 25 60 00 00 00 4d 8b c6 33 d2 48 8b
0x00007fff9ab180e8:   49 30 48 ff 15 a7 d7 1b 00 0f 1f 44 00 00 8b c3
0x00007fff9ab180f8:   48 8b 9c 24 80 00 00 00 48 83 c4 40 41 5f 41 5e
0x00007fff9ab18108:   41 5d 41 5c 5f 5e 5d c3 cc bb 17 00 00 c0 eb de
0x00007fff9ab18118:   bb 0d 00 00 c0 eb b9 bb 17 00 00 c0 eb b2 bb 0d
0x00007fff9ab18128:   00 00 c0 65 48 8b 0c 25 60 00 00 00 4c 8b c7 33
0x00007fff9ab18138:   d2 48 8b 49 30 48 ff 15 54 d7 1b 00 0f 1f 44 00
0x00007fff9ab18148:   00 eb 8d cc cc cc cc cc cc cc cc cc cc cc cc cc
0x00007fff9ab18158:   cc cc cc cc cc cc cc cc 48 89 5c 24 08 57 48 83
0x00007fff9ab18168:   ec 20 33 db 4c 8b c9 48 89 5c 24 48 41 83 f8 ff
0x00007fff9ab18178:   74 47 41 8b c0 4c 8d 44 24 48 48 69 c8 f0 d8 ff
0x00007fff9ab18188:   ff 48 89 4c 24 48 49 8b c9 48 ff 15 80 e0 1b 00
0x00007fff9ab18198:   0f 1f 44 00 00 8b c8 8b f8 e8 1a 52 f7 ff 85 ff
0x00007fff9ab181a8:   78 1c 81 ff 02 01 00 00 0f 95 c3 8b c3 48 8b 5c
0x00007fff9ab181b8:   24 30 48 83 c4 20 5f c3 cc 4c 8b c3 eb c8 33 c0
0x00007fff9ab181c8:   eb eb cc cc cc cc cc cc 40 53 48 83 ec 20 c6 44
0x00007fff9ab181d8:   24 38 00 49 8b d8 48 85 d2 74 48 48 85 db 74 43
0x00007fff9ab181e8:   41 c7 00 00 00 00 00 4c 8d 4c 24 38 45 33 c0 48
0x00007fff9ab181f8:   ff 15 e2 d6 1b 00 0f 1f 44 00 00 85 c0 78 19 80
0x00007fff9ab18208:   7c 24 38 00 74 06 c7 03 01 00 00 00 b8 01 00 00
0x00007fff9ab18218:   00 48 83 c4 20 5b c3 cc 8b c8 e8 99 51 f7 ff 33
0x00007fff9ab18228:   c0 eb ee b9 0d 00 00 c0 eb f0 cc cc cc cc cc cc
0x00007fff9ab18238:   cc cc cc cc cc cc cc cc 40 53 48 81 ec d0 00 00
0x00007fff9ab18248:   00 48 8b 05 80 1e 2c 00 48 33 c4 48 89 84 24 c0
0x00007fff9ab18258:   00 00 00 33 d2 48 8b d9 48 8d 8c 24 80 00 00 00
0x00007fff9ab18268:   44 8d 42 40 e8 60 6c 05 00 33 c0 48 8d 94 24 80
0x00007fff9ab18278:   00 00 00 45 33 c9 48 89 44 24 70 33 c9 89 44 24
0x00007fff9ab18288:   78 44 8d 40 40 48 ff 15 7c e2 1b 00 0f 1f 44 00 


Stack slot to memory mapping:

stack at sp + 0 slots: 0x0 is null
stack at sp + 1 slots: 0x0000000000000001 is an unknown value
stack at sp + 2 slots: 0x0 is null
stack at sp + 3 slots: 0x00007fff00c37b4f jvm.dll
stack at sp + 4 slots: 0x00007fff0113d408 jvm.dll
stack at sp + 5 slots: 0x00007fff00b5d08a jvm.dll
stack at sp + 6 slots: 0x0000026de6ec6670 points into unknown readable memory: 0x00007fff00f0df30 | 30 df f0 00 ff 7f 00 00
stack at sp + 7 slots: 0x00007fff0054fb66 jvm.dll


---------------  P R O C E S S  ---------------

Threads class SMR info:
_java_thread_list=0x0000026de7e27050, length=34, elements={
0x0000026de6ef0200, 0x0000026de6ef3300, 0x0000026de6efa240, 0x0000026de6efac90,
0x0000026de6efbb70, 0x0000026de7af81c0, 0x0000026de6efe5d0, 0x0000026de7b28210,
0x0000026de7cc1b70, 0x0000026de7cca580, 0x0000026dedb8fca0, 0x0000026df0274d00,
0x0000026df01a3ea0, 0x0000026df01a4530, 0x0000026df01a58e0, 0x0000026df01a6600,
0x0000026ded3bcef0, 0x0000026ded3bdc10, 0x0000026ded3befc0, 0x0000026ded3be930,
0x0000026ded3bc1d0, 0x0000026ded3bbb40, 0x0000026ded3c1720, 0x0000026ded3bf650,
0x0000026ded3be2a0, 0x0000026ded3c1db0, 0x0000026ded3bfce0, 0x0000026ded3c0a00,
0x0000026ded3c2440, 0x0000026ded3c0370, 0x0000026ded3c1090, 0x0000026ded3c2ad0,
0x0000026ded3c3160, 0x0000026ded191fd0
}

Java Threads: ( => current thread )
  0x0000026de6ef0200 JavaThread "Reference Handler"          daemon [_thread_blocked, id=4636, stack(0x000000a298e00000,0x000000a298f00000) (1024K)]
  0x0000026de6ef3300 JavaThread "Finalizer"                  daemon [_thread_blocked, id=6448, stack(0x000000a298f00000,0x000000a299000000) (1024K)]
  0x0000026de6efa240 JavaThread "Signal Dispatcher"          daemon [_thread_blocked, id=5924, stack(0x000000a299000000,0x000000a299100000) (1024K)]
  0x0000026de6efac90 JavaThread "Attach Listener"            daemon [_thread_blocked, id=23808, stack(0x000000a299100000,0x000000a299200000) (1024K)]
  0x0000026de6efbb70 JavaThread "Service Thread"             daemon [_thread_blocked, id=11060, stack(0x000000a299200000,0x000000a299300000) (1024K)]
  0x0000026de7af81c0 JavaThread "Monitor Deflation Thread"   daemon [_thread_blocked, id=6452, stack(0x000000a299300000,0x000000a299400000) (1024K)]
  0x0000026de6efe5d0 JavaThread "C2 CompilerThread0"         daemon [_thread_blocked, id=6456, stack(0x000000a299400000,0x000000a299500000) (1024K)]
  0x0000026de7b28210 JavaThread "C1 CompilerThread0"         daemon [_thread_blocked, id=6444, stack(0x000000a299500000,0x000000a299600000) (1024K)]
  0x0000026de7cc1b70 JavaThread "Notification Thread"        daemon [_thread_blocked, id=5840, stack(0x000000a299700000,0x000000a299800000) (1024K)]
  0x0000026de7cca580 JavaThread "Common-Cleaner"             daemon [_thread_blocked, id=10188, stack(0x000000a299800000,0x000000a299900000) (1024K)]
  0x0000026dedb8fca0 JavaThread "mysql-cj-abandoned-connection-cleanup" daemon [_thread_blocked, id=10164, stack(0x000000a29ad00000,0x000000a29ae00000) (1024K)]
  0x0000026df0274d00 JavaThread "Live Reload Server"         daemon [_thread_in_native, id=8684, stack(0x000000a29ba00000,0x000000a29bb00000) (1024K)]
  0x0000026df01a3ea0 JavaThread "DestroyJavaVM"                     [_thread_blocked, id=4104, stack(0x000000a298600000,0x000000a298700000) (1024K)]
  0x0000026df01a4530 JavaThread "File Watcher"               daemon [_thread_blocked, id=11688, stack(0x000000a298400000,0x000000a298500000) (1024K)]
  0x0000026df01a58e0 JavaThread "File Watcher"               daemon [_thread_blocked, id=4960, stack(0x000000a299600000,0x000000a299700000) (1024K)]
  0x0000026df01a6600 JavaThread "File Watcher"               daemon [_thread_blocked, id=22644, stack(0x000000a298500000,0x000000a298600000) (1024K)]
  0x0000026ded3bcef0 JavaThread "Catalina-utility-1"                [_thread_blocked, id=19276, stack(0x000000a299c00000,0x000000a299d00000) (1024K)]
  0x0000026ded3bdc10 JavaThread "Catalina-utility-2"                [_thread_blocked, id=23784, stack(0x000000a299d00000,0x000000a299e00000) (1024K)]
  0x0000026ded3befc0 JavaThread "container-3"                       [_thread_blocked, id=23608, stack(0x000000a299e00000,0x000000a299f00000) (1024K)]
  0x0000026ded3be930 JavaThread "HikariPool-6:housekeeper"   daemon [_thread_blocked, id=16808, stack(0x000000a29af00000,0x000000a29b000000) (1024K)]
  0x0000026ded3bc1d0 JavaThread "File Watcher"               daemon [_thread_blocked, id=22400, stack(0x000000a29b000000,0x000000a29b100000) (1024K)]
  0x0000026ded3bbb40 JavaThread "http-nio-8080-exec-1"       daemon [_thread_blocked, id=10664, stack(0x000000a29b100000,0x000000a29b200000) (1024K)]
  0x0000026ded3c1720 JavaThread "http-nio-8080-exec-2"       daemon [_thread_blocked, id=13936, stack(0x000000a29b200000,0x000000a29b300000) (1024K)]
  0x0000026ded3bf650 JavaThread "http-nio-8080-exec-3"       daemon [_thread_blocked, id=24560, stack(0x000000a29b300000,0x000000a29b400000) (1024K)]
  0x0000026ded3be2a0 JavaThread "http-nio-8080-exec-4"       daemon [_thread_blocked, id=11760, stack(0x000000a29b400000,0x000000a29b500000) (1024K)]
  0x0000026ded3c1db0 JavaThread "http-nio-8080-exec-5"       daemon [_thread_blocked, id=12008, stack(0x000000a29b600000,0x000000a29b700000) (1024K)]
  0x0000026ded3bfce0 JavaThread "http-nio-8080-exec-6"       daemon [_thread_blocked, id=9976, stack(0x000000a29b700000,0x000000a29b800000) (1024K)]
  0x0000026ded3c0a00 JavaThread "http-nio-8080-exec-7"       daemon [_thread_blocked, id=4156, stack(0x000000a29b800000,0x000000a29b900000) (1024K)]
  0x0000026ded3c2440 JavaThread "http-nio-8080-exec-8"       daemon [_thread_blocked, id=12024, stack(0x000000a29b900000,0x000000a29ba00000) (1024K)]
  0x0000026ded3c0370 JavaThread "http-nio-8080-exec-9"       daemon [_thread_blocked, id=9360, stack(0x000000a29bb00000,0x000000a29bc00000) (1024K)]
  0x0000026ded3c1090 JavaThread "http-nio-8080-exec-10"      daemon [_thread_blocked, id=2988, stack(0x000000a29bc00000,0x000000a29bd00000) (1024K)]
  0x0000026ded3c2ad0 JavaThread "http-nio-8080-Poller"       daemon [_thread_in_native, id=13092, stack(0x000000a29bd00000,0x000000a29be00000) (1024K)]
  0x0000026ded3c3160 JavaThread "http-nio-8080-Acceptor"     daemon [_thread_in_native, id=23968, stack(0x000000a29be00000,0x000000a29bf00000) (1024K)]
  0x0000026ded191fd0 JavaThread "C1 CompilerThread1"         daemon [_thread_blocked, id=16816, stack(0x000000a298300000,0x000000a298400000) (1024K)]
Total: 34

Other Threads:
  0x0000026de6edb180 VMThread "VM Thread"                           [id=11100, stack(0x000000a298d00000,0x000000a298e00000) (1024K)]
=>0x0000026de6ec6670 WatcherThread "VM Periodic Task Thread"        [id=11148, stack(0x000000a298c00000,0x000000a298d00000) (1024K)]
  0x0000026dcca6bff0 WorkerThread "GC Thread#0"                     [id=7228, stack(0x000000a298700000,0x000000a298800000) (1024K)]
  0x0000026dec9524b0 WorkerThread "GC Thread#1"                     [id=18056, stack(0x000000a299f00000,0x000000a29a000000) (1024K)]
  0x0000026dec958f70 WorkerThread "GC Thread#2"                     [id=20244, stack(0x000000a29a000000,0x000000a29a100000) (1024K)]
  0x0000026dec921860 WorkerThread "GC Thread#3"                     [id=5932, stack(0x000000a29a100000,0x000000a29a200000) (1024K)]
  0x0000026dec9730e0 WorkerThread "GC Thread#4"                     [id=12480, stack(0x000000a29a200000,0x000000a29a300000) (1024K)]
  0x0000026dec974300 WorkerThread "GC Thread#5"                     [id=18388, stack(0x000000a29a300000,0x000000a29a400000) (1024K)]
  0x0000026dec972d40 WorkerThread "GC Thread#6"                     [id=19744, stack(0x000000a29a500000,0x000000a29a600000) (1024K)]
  0x0000026dec973f60 WorkerThread "GC Thread#7"                     [id=23924, stack(0x000000a29a600000,0x000000a29a700000) (1024K)]
  0x0000026dec973480 WorkerThread "GC Thread#8"                     [id=22480, stack(0x000000a29a700000,0x000000a29a800000) (1024K)]
  0x0000026deda48550 WorkerThread "GC Thread#9"                     [id=19780, stack(0x000000a29a400000,0x000000a29a500000) (1024K)]
  0x0000026deda4b0d0 WorkerThread "GC Thread#10"                    [id=6460, stack(0x000000a29a800000,0x000000a29a900000) (1024K)]
  0x0000026deda4b810 WorkerThread "GC Thread#11"                    [id=4328, stack(0x000000a29a900000,0x000000a29aa00000) (1024K)]
  0x0000026deda49eb0 WorkerThread "GC Thread#12"                    [id=9188, stack(0x000000a29aa00000,0x000000a29ab00000) (1024K)]
  0x0000026dcca7d3b0 ConcurrentGCThread "G1 Main Marker"            [id=5372, stack(0x000000a298800000,0x000000a298900000) (1024K)]
  0x0000026dcca7e010 WorkerThread "G1 Conc#0"                       [id=5908, stack(0x000000a298900000,0x000000a298a00000) (1024K)]
  0x0000026deda49030 WorkerThread "G1 Conc#1"                       [id=22560, stack(0x000000a29ab00000,0x000000a29ac00000) (1024K)]
  0x0000026deda493d0 WorkerThread "G1 Conc#2"                       [id=5672, stack(0x000000a29ac00000,0x000000a29ad00000) (1024K)]
  0x0000026de6d980a0 ConcurrentGCThread "G1 Refine#0"               [id=3340, stack(0x000000a298a00000,0x000000a298b00000) (1024K)]
  0x0000026de6d99a30 ConcurrentGCThread "G1 Service"                [id=11108, stack(0x000000a298b00000,0x000000a298c00000) (1024K)]
Total: 21

Threads with active compile tasks:
Total: 0

VM state: not at safepoint (normal execution)

VM Mutex/Monitor currently owned by a thread: None

Heap address: 0x0000000704200000, size: 4030 MB, Compressed Oops mode: Zero based, Oop shift amount: 3

CDS archive(s) mapped at: [0x0000026d80000000-0x0000026d80c80000-0x0000026d80c80000), size 13107200, SharedBaseAddress: 0x0000026d80000000, ArchiveRelocationMode: 1.
Compressed class space mapped at: 0x0000026d81000000-0x0000026dc1000000, reserved size: 1073741824
Narrow klass base: 0x0000026d80000000, Narrow klass shift: 0, Narrow klass range: 0x100000000

GC Precious Log:
 CardTable entry size: 512
 Card Set container configuration: InlinePtr #cards 4 size 8 Array Of Cards #cards 16 size 48 Howl #buckets 8 coarsen threshold 3686 Howl Bitmap #cards 512 size 80 coarsen threshold 460 Card regions per heap region 1 cards per card region 4096
 CPUs: 16 total, 16 available
 Memory: 16114M
 Large Page Support: Disabled
 NUMA Support: Disabled
 Compressed Oops: Enabled (Zero based)
 Heap Region Size: 2M
 Heap Min Capacity: 8M
 Heap Initial Capacity: 252M
 Heap Max Capacity: 4030M
 Pre-touch: Disabled
 Parallel Workers: 13
 Concurrent Workers: 3
 Concurrent Refinement Workers: 13
 Periodic GC: Disabled

Heap:
 garbage-first heap   total 81920K, used 50160K [0x0000000704200000, 0x0000000800000000)
  region size 2048K, 15 young (30720K), 3 survivors (6144K)
 Metaspace       used 56245K, committed 57152K, reserved 1114112K
  class space    used 6839K, committed 7296K, reserved 1048576K

Heap Regions: E=young(eden), S=young(survivor), O=old, HS=humongous(starts), HC=humongous(continues), CS=collection set, F=free, TAMS=top-at-mark-start, PB=parsable bottom
|   0|0x0000000704200000, 0x0000000704400000, 0x0000000704400000|100%| O|  |TAMS 0x0000000704200000| PB 0x0000000704200000| Untracked 
|   1|0x0000000704400000, 0x0000000704600000, 0x0000000704600000|100%| O|  |TAMS 0x0000000704400000| PB 0x0000000704400000| Untracked 
|   2|0x0000000704600000, 0x00000007047fffe8, 0x0000000704800000| 99%| O|  |TAMS 0x0000000704600000| PB 0x0000000704600000| Untracked 
|   3|0x0000000704800000, 0x00000007049fffa8, 0x0000000704a00000| 99%| O|  |TAMS 0x0000000704800000| PB 0x0000000704800000| Untracked 
|   4|0x0000000704a00000, 0x0000000704bffff8, 0x0000000704c00000| 99%| O|  |TAMS 0x0000000704a00000| PB 0x0000000704a00000| Untracked 
|   5|0x0000000704c00000, 0x0000000704dffff8, 0x0000000704e00000| 99%| O|  |TAMS 0x0000000704c00000| PB 0x0000000704c00000| Untracked 
|   6|0x0000000704e00000, 0x0000000704fffff8, 0x0000000705000000| 99%| O|  |TAMS 0x0000000704e00000| PB 0x0000000704e00000| Untracked 
|   7|0x0000000705000000, 0x0000000705200000, 0x0000000705200000|100%| O|  |TAMS 0x0000000705000000| PB 0x0000000705000000| Untracked 
|   8|0x0000000705200000, 0x000000070533ed80, 0x0000000705400000| 62%| O|  |TAMS 0x0000000705200000| PB 0x0000000705200000| Untracked 
|   9|0x0000000705400000, 0x00000007055ffff8, 0x0000000705600000| 99%| O|  |TAMS 0x0000000705400000| PB 0x0000000705400000| Untracked 
|  10|0x0000000705600000, 0x00000007057d5ca0, 0x0000000705800000| 91%| O|  |TAMS 0x0000000705600000| PB 0x0000000705600000| Untracked 
|  11|0x0000000705800000, 0x00000007058c8bb8, 0x0000000705a00000| 39%| O|  |TAMS 0x0000000705800000| PB 0x0000000705800000| Untracked 
|  12|0x0000000705a00000, 0x0000000705a00000, 0x0000000705c00000|  0%| F|  |TAMS 0x0000000705a00000| PB 0x0000000705a00000| Untracked 
|  13|0x0000000705c00000, 0x0000000705ca9770, 0x0000000705e00000| 33%| O|  |TAMS 0x0000000705c00000| PB 0x0000000705c00000| Untracked 
|  14|0x0000000705e00000, 0x0000000705e00000, 0x0000000706000000|  0%| F|  |TAMS 0x0000000705e00000| PB 0x0000000705e00000| Untracked 
|  15|0x0000000706000000, 0x0000000706000000, 0x0000000706200000|  0%| F|  |TAMS 0x0000000706000000| PB 0x0000000706000000| Untracked 
|  16|0x0000000706200000, 0x00000007062755c0, 0x0000000706400000| 22%| S|CS|TAMS 0x0000000706200000| PB 0x0000000706200000| Complete 
|  17|0x0000000706400000, 0x0000000706600000, 0x0000000706600000|100%| S|CS|TAMS 0x0000000706400000| PB 0x0000000706400000| Complete 
|  18|0x0000000706600000, 0x0000000706800000, 0x0000000706800000|100%| S|CS|TAMS 0x0000000706600000| PB 0x0000000706600000| Complete 
|  19|0x0000000706800000, 0x0000000706800000, 0x0000000706a00000|  0%| F|  |TAMS 0x0000000706800000| PB 0x0000000706800000| Untracked 
|  20|0x0000000706a00000, 0x0000000706a00000, 0x0000000706c00000|  0%| F|  |TAMS 0x0000000706a00000| PB 0x0000000706a00000| Untracked 
|  21|0x0000000706c00000, 0x0000000706c00000, 0x0000000706e00000|  0%| F|  |TAMS 0x0000000706c00000| PB 0x0000000706c00000| Untracked 
|  22|0x0000000706e00000, 0x0000000706e00000, 0x0000000707000000|  0%| F|  |TAMS 0x0000000706e00000| PB 0x0000000706e00000| Untracked 
|  23|0x0000000707000000, 0x0000000707000000, 0x0000000707200000|  0%| F|  |TAMS 0x0000000707000000| PB 0x0000000707000000| Untracked 
|  24|0x0000000707200000, 0x0000000707200000, 0x0000000707400000|  0%| F|  |TAMS 0x0000000707200000| PB 0x0000000707200000| Untracked 
|  25|0x0000000707400000, 0x0000000707400000, 0x0000000707600000|  0%| F|  |TAMS 0x0000000707400000| PB 0x0000000707400000| Untracked 
|  26|0x0000000707600000, 0x0000000707600000, 0x0000000707800000|  0%| F|  |TAMS 0x0000000707600000| PB 0x0000000707600000| Untracked 
|  27|0x0000000707800000, 0x0000000707800000, 0x0000000707a00000|  0%| F|  |TAMS 0x0000000707800000| PB 0x0000000707800000| Untracked 
|  28|0x0000000707a00000, 0x0000000707a4c390, 0x0000000707c00000| 14%| E|  |TAMS 0x0000000707a00000| PB 0x0000000707a00000| Complete 
|  29|0x0000000707c00000, 0x0000000707e00000, 0x0000000707e00000|100%| E|CS|TAMS 0x0000000707c00000| PB 0x0000000707c00000| Complete 
|  30|0x0000000707e00000, 0x0000000708000000, 0x0000000708000000|100%| E|CS|TAMS 0x0000000707e00000| PB 0x0000000707e00000| Complete 
|  31|0x0000000708000000, 0x0000000708200000, 0x0000000708200000|100%| E|CS|TAMS 0x0000000708000000| PB 0x0000000708000000| Complete 
|  32|0x0000000708200000, 0x0000000708400000, 0x0000000708400000|100%| E|CS|TAMS 0x0000000708200000| PB 0x0000000708200000| Complete 
|  33|0x0000000708400000, 0x0000000708600000, 0x0000000708600000|100%| E|CS|TAMS 0x0000000708400000| PB 0x0000000708400000| Complete 
|  34|0x0000000708600000, 0x0000000708800000, 0x0000000708800000|100%| E|CS|TAMS 0x0000000708600000| PB 0x0000000708600000| Complete 
|  35|0x0000000708800000, 0x0000000708a00000, 0x0000000708a00000|100%| E|CS|TAMS 0x0000000708800000| PB 0x0000000708800000| Complete 
|  36|0x0000000708a00000, 0x0000000708c00000, 0x0000000708c00000|100%| E|CS|TAMS 0x0000000708a00000| PB 0x0000000708a00000| Complete 
|  37|0x0000000708c00000, 0x0000000708e00000, 0x0000000708e00000|100%| E|CS|TAMS 0x0000000708c00000| PB 0x0000000708c00000| Complete 
|  38|0x0000000708e00000, 0x0000000709000000, 0x0000000709000000|100%| E|CS|TAMS 0x0000000708e00000| PB 0x0000000708e00000| Complete 
|  39|0x0000000709000000, 0x0000000709200000, 0x0000000709200000|100%| E|CS|TAMS 0x0000000709000000| PB 0x0000000709000000| Complete 

Card table byte_map: [0x0000026de0400000,0x0000026de0be0000] _byte_map_base: 0x0000026ddcbdf000

Marking Bits: (CMBitMap*) 0x0000026dcca6c6f0
 Bits: [0x0000026de0be0000, 0x0000026de4ad8000)

Polling page: 0x0000026dcaad0000

Metaspace:

Usage:
  Non-class:     48.25 MB used.
      Class:      6.68 MB used.
       Both:     54.93 MB used.

Virtual space:
  Non-class space:       64.00 MB reserved,      48.69 MB ( 76%) committed,  1 nodes.
      Class space:        1.00 GB reserved,       7.12 MB ( <1%) committed,  1 nodes.
             Both:        1.06 GB reserved,      55.81 MB (  5%) committed. 

Chunk freelists:
   Non-Class:  14.55 MB
       Class:  8.87 MB
        Both:  23.42 MB

MaxMetaspaceSize: unlimited
CompressedClassSpaceSize: 1.00 GB
Initial GC threshold: 21.00 MB
Current GC threshold: 91.25 MB
CDS: on
 - commit_granule_bytes: 65536.
 - commit_granule_words: 8192.
 - virtual_space_node_default_size: 8388608.
 - enlarge_chunks_in_place: 1.
 - use_allocation_guard: 0.


Internal statistics:

num_allocs_failed_limit: 6.
num_arena_births: 1162.
num_arena_deaths: 104.
num_vsnodes_births: 2.
num_vsnodes_deaths: 0.
num_space_committed: 892.
num_space_uncommitted: 0.
num_chunks_returned_to_freelist: 156.
num_chunks_taken_from_freelist: 3515.
num_chunk_merges: 40.
num_chunk_splits: 2175.
num_chunks_enlarged: 1399.
num_inconsistent_stats: 0.

CodeHeap 'non-profiled nmethods': size=119168Kb used=6343Kb max_used=6343Kb free=112825Kb
 bounds [0x0000026dd7f40000, 0x0000026dd8580000, 0x0000026ddf3a0000]
CodeHeap 'profiled nmethods': size=119104Kb used=14491Kb max_used=16093Kb free=104612Kb
 bounds [0x0000026dd03a0000, 0x0000026dd1360000, 0x0000026dd77f0000]
CodeHeap 'non-nmethods': size=7488Kb used=2379Kb max_used=3518Kb free=5108Kb
 bounds [0x0000026dd77f0000, 0x0000026dd7b70000, 0x0000026dd7f40000]
 total_blobs=7827 nmethods=7157 adapters=571
 compilation: enabled
              stopped_count=0, restarted_count=0
 full_count=0

Compilation events (20 events):
Event: 259.681 Thread 0x0000026de7b28210 10336       3       org.springframework.security.web.firewall.FirewalledResponse::hasCrlf (30 bytes)
Event: 259.681 Thread 0x0000026de7b28210 nmethod 10336 0x0000026dd0e48c90 code [0x0000026dd0e48e60, 0x0000026dd0e49168]
Event: 259.681 Thread 0x0000026ded191fd0 nmethod 10334 0x0000026dd1086010 code [0x0000026dd1086260, 0x0000026dd1086bd0]
Event: 259.682 Thread 0x0000026ded191fd0 10337       3       java.util.Locale::hasExtensions (13 bytes)
Event: 259.682 Thread 0x0000026ded191fd0 nmethod 10337 0x0000026dd0afcc10 code [0x0000026dd0afcda0, 0x0000026dd0afcf08]
Event: 259.682 Thread 0x0000026ded191fd0 10338       3       org.springframework.util.LinkedCaseInsensitiveMap::convertKey (9 bytes)
Event: 259.682 Thread 0x0000026de7b28210 10339       3       org.springframework.util.MimeType::isWildcardSubtype (29 bytes)
Event: 259.682 Thread 0x0000026ded191fd0 nmethod 10338 0x0000026dd09aab10 code [0x0000026dd09aad00, 0x0000026dd09ab048]
Event: 259.682 Thread 0x0000026ded191fd0 10340       3       org.springframework.http.MediaType::getQualityValue (24 bytes)
Event: 259.682 Thread 0x0000026de7b28210 nmethod 10339 0x0000026dd1011e10 code [0x0000026dd1011fe0, 0x0000026dd1012300]
Event: 259.682 Thread 0x0000026de7b28210 10341       3       org.springframework.util.MimeType::getParameter (14 bytes)
Event: 259.683 Thread 0x0000026de7b28210 nmethod 10341 0x0000026dd0e37910 code [0x0000026dd0e37ac0, 0x0000026dd0e37d90]
Event: 259.683 Thread 0x0000026de7b28210 10342       1       org.apache.coyote.Request::requestURI (5 bytes)
Event: 259.683 Thread 0x0000026de7b28210 nmethod 10342 0x0000026dd8570510 code [0x0000026dd85706a0, 0x0000026dd8570770]
Event: 259.683 Thread 0x0000026de7b28210 10343       3       java.lang.invoke.VarHandleGuards::guard_LIL_V (135 bytes)
Event: 259.683 Thread 0x0000026ded191fd0 nmethod 10340 0x0000026dd1077610 code [0x0000026dd1077880, 0x0000026dd1078128]
Event: 259.684 Thread 0x0000026ded191fd0 10345       1       org.apache.coyote.Response::getWriteListener (5 bytes)
Event: 259.684 Thread 0x0000026ded191fd0 nmethod 10345 0x0000026dd8570b10 code [0x0000026dd8570ca0, 0x0000026dd8570d70]
Event: 259.684 Thread 0x0000026de7b28210 nmethod 10343 0x0000026dd0caff10 code [0x0000026dd0cb0340, 0x0000026dd0cb28d8]
Event: 259.686 Thread 0x0000026de6efe5d0 nmethod 10326 0x0000026dd8570e10 code [0x0000026dd8571000, 0x0000026dd85717e0]

GC Heap History (20 events):
Event: 201.168 GC heap before
{Heap before GC invocations=16 (full 2):
 garbage-first heap   total 81920K, used 62674K [0x0000000704200000, 0x0000000800000000)
  region size 2048K, 22 young (45056K), 3 survivors (6144K)
 Metaspace       used 53120K, committed 53888K, reserved 1114112K
  class space    used 6568K, committed 6912K, reserved 1048576K
}
Event: 201.172 GC heap after
{Heap after GC invocations=17 (full 2):
 garbage-first heap   total 81920K, used 28729K [0x0000000704200000, 0x0000000800000000)
  region size 2048K, 2 young (4096K), 2 survivors (4096K)
 Metaspace       used 53120K, committed 53888K, reserved 1114112K
  class space    used 6568K, committed 6912K, reserved 1048576K
}
Event: 201.398 GC heap before
{Heap before GC invocations=17 (full 2):
 garbage-first heap   total 81920K, used 65593K [0x0000000704200000, 0x0000000800000000)
  region size 2048K, 21 young (43008K), 2 survivors (4096K)
 Metaspace       used 53542K, committed 54336K, reserved 1114112K
  class space    used 6607K, committed 6976K, reserved 1048576K
}
Event: 201.400 GC heap after
{Heap after GC invocations=18 (full 2):
 garbage-first heap   total 81920K, used 32240K [0x0000000704200000, 0x0000000800000000)
  region size 2048K, 3 young (6144K), 3 survivors (6144K)
 Metaspace       used 53542K, committed 54336K, reserved 1114112K
  class space    used 6607K, committed 6976K, reserved 1048576K
}
Event: 205.070 GC heap before
{Heap before GC invocations=18 (full 2):
 garbage-first heap   total 81920K, used 67056K [0x0000000704200000, 0x0000000800000000)
  region size 2048K, 20 young (40960K), 3 survivors (6144K)
 Metaspace       used 53800K, committed 54592K, reserved 1114112K
  class space    used 6637K, committed 7040K, reserved 1048576K
}
Event: 205.073 GC heap after
{Heap after GC invocations=19 (full 2):
 garbage-first heap   total 81920K, used 35520K [0x0000000704200000, 0x0000000800000000)
  region size 2048K, 2 young (4096K), 2 survivors (4096K)
 Metaspace       used 53800K, committed 54592K, reserved 1114112K
  class space    used 6637K, committed 7040K, reserved 1048576K
}
Event: 220.246 GC heap before
{Heap before GC invocations=19 (full 2):
 garbage-first heap   total 81920K, used 68288K [0x0000000704200000, 0x0000000800000000)
  region size 2048K, 18 young (36864K), 2 survivors (4096K)
 Metaspace       used 54237K, committed 55040K, reserved 1114112K
  class space    used 6662K, committed 7040K, reserved 1048576K
}
Event: 220.248 GC heap after
{Heap after GC invocations=20 (full 2):
 garbage-first heap   total 81920K, used 36388K [0x0000000704200000, 0x0000000800000000)
  region size 2048K, 2 young (4096K), 2 survivors (4096K)
 Metaspace       used 54237K, committed 55040K, reserved 1114112K
  class space    used 6662K, committed 7040K, reserved 1048576K
}
Event: 242.711 GC heap before
{Heap before GC invocations=20 (full 2):
 garbage-first heap   total 81920K, used 48676K [0x0000000704200000, 0x0000000800000000)
  region size 2048K, 9 young (18432K), 2 survivors (4096K)
 Metaspace       used 54242K, committed 55040K, reserved 1114112K
  class space    used 6662K, committed 7040K, reserved 1048576K
}
Event: 242.737 GC heap after
{Heap after GC invocations=21 (full 3):
 garbage-first heap   total 81920K, used 22630K [0x0000000704200000, 0x0000000800000000)
  region size 2048K, 0 young (0K), 0 survivors (0K)
 Metaspace       used 54162K, committed 55040K, reserved 1114112K
  class space    used 6649K, committed 7040K, reserved 1048576K
}
Event: 242.975 GC heap before
{Heap before GC invocations=21 (full 3):
 garbage-first heap   total 81920K, used 65638K [0x0000000704200000, 0x0000000800000000)
  region size 2048K, 21 young (43008K), 0 survivors (0K)
 Metaspace       used 54655K, committed 55488K, reserved 1114112K
  class space    used 6699K, committed 7104K, reserved 1048576K
}
Event: 242.977 GC heap after
{Heap after GC invocations=22 (full 3):
 garbage-first heap   total 81920K, used 27215K [0x0000000704200000, 0x0000000800000000)
  region size 2048K, 3 young (6144K), 3 survivors (6144K)
 Metaspace       used 54655K, committed 55488K, reserved 1114112K
  class space    used 6699K, committed 7104K, reserved 1048576K
}
Event: 248.629 GC heap before
{Heap before GC invocations=22 (full 3):
 garbage-first heap   total 81920K, used 43599K [0x0000000704200000, 0x0000000800000000)
  region size 2048K, 12 young (24576K), 3 survivors (6144K)
 Metaspace       used 54764K, committed 55616K, reserved 1114112K
  class space    used 6702K, committed 7104K, reserved 1048576K
}
Event: 248.654 GC heap after
{Heap after GC invocations=23 (full 4):
 garbage-first heap   total 81920K, used 22877K [0x0000000704200000, 0x0000000800000000)
  region size 2048K, 0 young (0K), 0 survivors (0K)
 Metaspace       used 54741K, committed 55616K, reserved 1114112K
  class space    used 6699K, committed 7104K, reserved 1048576K
}
Event: 248.903 GC heap before
{Heap before GC invocations=23 (full 4):
 garbage-first heap   total 81920K, used 65885K [0x0000000704200000, 0x0000000800000000)
  region size 2048K, 21 young (43008K), 0 survivors (0K)
 Metaspace       used 55198K, committed 56064K, reserved 1114112K
  class space    used 6748K, committed 7168K, reserved 1048576K
}
Event: 248.905 GC heap after
{Heap after GC invocations=24 (full 4):
 garbage-first heap   total 81920K, used 27408K [0x0000000704200000, 0x0000000800000000)
  region size 2048K, 3 young (6144K), 3 survivors (6144K)
 Metaspace       used 55198K, committed 56064K, reserved 1114112K
  class space    used 6748K, committed 7168K, reserved 1048576K
}
Event: 252.487 GC heap before
{Heap before GC invocations=24 (full 4):
 garbage-first heap   total 81920K, used 43792K [0x0000000704200000, 0x0000000800000000)
  region size 2048K, 12 young (24576K), 3 survivors (6144K)
 Metaspace       used 55277K, committed 56064K, reserved 1114112K
  class space    used 6750K, committed 7168K, reserved 1048576K
}
Event: 252.512 GC heap after
{Heap after GC invocations=25 (full 5):
 garbage-first heap   total 81920K, used 23067K [0x0000000704200000, 0x0000000800000000)
  region size 2048K, 0 young (0K), 0 survivors (0K)
 Metaspace       used 55254K, committed 56064K, reserved 1114112K
  class space    used 6746K, committed 7168K, reserved 1048576K
}
Event: 252.737 GC heap before
{Heap before GC invocations=25 (full 5):
 garbage-first heap   total 81920K, used 66075K [0x0000000704200000, 0x0000000800000000)
  region size 2048K, 21 young (43008K), 0 survivors (0K)
 Metaspace       used 55760K, committed 56640K, reserved 1114112K
  class space    used 6795K, committed 7232K, reserved 1048576K
}
Event: 252.739 GC heap after
{Heap after GC invocations=26 (full 5):
 garbage-first heap   total 81920K, used 27632K [0x0000000704200000, 0x0000000800000000)
  region size 2048K, 3 young (6144K), 3 survivors (6144K)
 Metaspace       used 55760K, committed 56640K, reserved 1114112K
  class space    used 6795K, committed 7232K, reserved 1048576K
}

Dll operation events (10 events):
Event: 0.012 Loaded shared library C:\Users\DELL\.p2\pool\plugins\org.eclipse.justj.openjdk.hotspot.jre.full.win32.x86_64_21.0.7.v20250502-0916\jre\bin\java.dll
Event: 0.042 Loaded shared library C:\Users\DELL\.p2\pool\plugins\org.eclipse.justj.openjdk.hotspot.jre.full.win32.x86_64_21.0.7.v20250502-0916\jre\bin\zip.dll
Event: 0.087 Loaded shared library C:\Users\DELL\.p2\pool\plugins\org.eclipse.justj.openjdk.hotspot.jre.full.win32.x86_64_21.0.7.v20250502-0916\jre\bin\net.dll
Event: 0.088 Loaded shared library C:\Users\DELL\.p2\pool\plugins\org.eclipse.justj.openjdk.hotspot.jre.full.win32.x86_64_21.0.7.v20250502-0916\jre\bin\nio.dll
Event: 0.117 Loaded shared library C:\Users\DELL\.p2\pool\plugins\org.eclipse.justj.openjdk.hotspot.jre.full.win32.x86_64_21.0.7.v20250502-0916\jre\bin\zip.dll
Event: 1.575 Loaded shared library C:\Users\DELL\.p2\pool\plugins\org.eclipse.justj.openjdk.hotspot.jre.full.win32.x86_64_21.0.7.v20250502-0916\jre\bin\jimage.dll
Event: 1.757 Loaded shared library C:\Users\DELL\.p2\pool\plugins\org.eclipse.justj.openjdk.hotspot.jre.full.win32.x86_64_21.0.7.v20250502-0916\jre\bin\management.dll
Event: 1.769 Loaded shared library C:\Users\DELL\.p2\pool\plugins\org.eclipse.justj.openjdk.hotspot.jre.full.win32.x86_64_21.0.7.v20250502-0916\jre\bin\management_ext.dll
Event: 2.472 Loaded shared library C:\Users\DELL\.p2\pool\plugins\org.eclipse.justj.openjdk.hotspot.jre.full.win32.x86_64_21.0.7.v20250502-0916\jre\bin\sunmscapi.dll
Event: 5.082 Loaded shared library C:\Users\DELL\.p2\pool\plugins\org.eclipse.justj.openjdk.hotspot.jre.full.win32.x86_64_21.0.7.v20250502-0916\jre\bin\extnet.dll

Deoptimization events (20 events):
Event: 248.840 Thread 0x0000026df01a6c90 Uncommon trap: trap_request=0xffffffd6 fr.pc=0x0000026dd837a734 relative=0x00000000000007d4
Event: 248.840 Thread 0x0000026df01a6c90 Uncommon trap: reason=array_check action=maybe_recompile pc=0x0000026dd837a734 method=java.util.TimSort.binarySort([Ljava/lang/Object;IIILjava/util/Comparator;)V @ 215 c2
Event: 248.840 Thread 0x0000026df01a6c90 DEOPT PACKING pc=0x0000026dd837a734 sp=0x000000a2999fb1d0
Event: 248.840 Thread 0x0000026df01a6c90 DEOPT UNPACKING pc=0x0000026dd7847da2 sp=0x000000a2999fb188 mode 2
Event: 248.842 Thread 0x0000026df01a6c90 Uncommon trap: trap_request=0xffffffd6 fr.pc=0x0000026dd837a734 relative=0x00000000000007d4
Event: 248.842 Thread 0x0000026df01a6c90 Uncommon trap: reason=array_check action=maybe_recompile pc=0x0000026dd837a734 method=java.util.TimSort.binarySort([Ljava/lang/Object;IIILjava/util/Comparator;)V @ 215 c2
Event: 248.842 Thread 0x0000026df01a6c90 DEOPT PACKING pc=0x0000026dd837a734 sp=0x000000a2999f7d70
Event: 248.842 Thread 0x0000026df01a6c90 DEOPT UNPACKING pc=0x0000026dd7847da2 sp=0x000000a2999f7d28 mode 2
Event: 257.612 Thread 0x0000026ded3c1720 Uncommon trap: trap_request=0xffffff45 fr.pc=0x0000026dd80441dc relative=0x000000000000021c
Event: 257.612 Thread 0x0000026ded3c1720 Uncommon trap: reason=unstable_if action=reinterpret pc=0x0000026dd80441dc method=java.util.HashMap.getNode(Ljava/lang/Object;)Ljava/util/HashMap$Node; @ 66 c2
Event: 257.612 Thread 0x0000026ded3c1720 DEOPT PACKING pc=0x0000026dd80441dc sp=0x000000a29b2f3f50
Event: 257.612 Thread 0x0000026ded3c1720 DEOPT UNPACKING pc=0x0000026dd7847da2 sp=0x000000a29b2f3e50 mode 2
Event: 257.616 Thread 0x0000026ded3c1720 Uncommon trap: trap_request=0xffffff45 fr.pc=0x0000026dd8075960 relative=0x0000000000000220
Event: 257.616 Thread 0x0000026ded3c1720 Uncommon trap: reason=unstable_if action=reinterpret pc=0x0000026dd8075960 method=java.util.HashMap.getNode(Ljava/lang/Object;)Ljava/util/HashMap$Node; @ 66 c2
Event: 257.616 Thread 0x0000026ded3c1720 DEOPT PACKING pc=0x0000026dd8075960 sp=0x000000a29b2f3ee0
Event: 257.616 Thread 0x0000026ded3c1720 DEOPT UNPACKING pc=0x0000026dd7847da2 sp=0x000000a29b2f3e60 mode 2
Event: 257.722 Thread 0x0000026ded3c1720 Uncommon trap: trap_request=0xfffffff4 fr.pc=0x0000026dd843db68 relative=0x00000000000004c8
Event: 257.722 Thread 0x0000026ded3c1720 Uncommon trap: reason=null_check action=make_not_entrant pc=0x0000026dd843db68 method=org.springframework.util.LinkedCaseInsensitiveMap.get(Ljava/lang/Object;)Ljava/lang/Object; @ 24 c2
Event: 257.722 Thread 0x0000026ded3c1720 DEOPT PACKING pc=0x0000026dd843db68 sp=0x000000a29b2fb3f0
Event: 257.722 Thread 0x0000026ded3c1720 DEOPT UNPACKING pc=0x0000026dd7847da2 sp=0x000000a29b2fb2d0 mode 2

Classes loaded (20 events):
Event: 83.815 Loading class java/lang/invoke/WrongMethodTypeException
Event: 83.815 Loading class java/lang/invoke/WrongMethodTypeException done
Event: 179.910 Loading class java/util/concurrent/locks/AbstractQueuedSynchronizer$SharedNode
Event: 179.910 Loading class java/util/concurrent/locks/AbstractQueuedSynchronizer$SharedNode done
Event: 179.938 Loading class sun/security/ssl/Alert
Event: 179.939 Loading class sun/security/ssl/Alert done
Event: 179.939 Loading class sun/security/ssl/Alert$AlertConsumer
Event: 179.939 Loading class sun/security/ssl/Alert$AlertConsumer done
Event: 179.939 Loading class sun/security/ssl/Alert$Level
Event: 179.939 Loading class sun/security/ssl/Alert$Level done
Event: 179.940 Loading class sun/net/ConnectionResetException
Event: 179.940 Loading class sun/net/ConnectionResetException done
Event: 179.951 Loading class java/util/WeakHashMap$KeyIterator
Event: 179.951 Loading class java/util/WeakHashMap$KeyIterator done
Event: 180.026 Loading class java/lang/ref/Finalizer$2
Event: 180.027 Loading class java/lang/ref/Finalizer$2 done
Event: 180.027 Loading class java/lang/ref/Finalizer$1
Event: 180.027 Loading class java/lang/ref/Finalizer$1 done
Event: 257.710 Loading class java/lang/StringIndexOutOfBoundsException
Event: 257.710 Loading class java/lang/StringIndexOutOfBoundsException done

Classes unloaded (20 events):
Event: 242.718 Thread 0x0000026de6edb180 Unloading class 0x0000026d816ad000 'jdk/internal/reflect/GeneratedSerializationConstructorAccessor16'
Event: 242.718 Thread 0x0000026de6edb180 Unloading class 0x0000026d816acc00 'jdk/internal/reflect/GeneratedSerializationConstructorAccessor15'
Event: 242.718 Thread 0x0000026de6edb180 Unloading class 0x0000026d816ac800 'jdk/internal/reflect/GeneratedSerializationConstructorAccessor14'
Event: 242.718 Thread 0x0000026de6edb180 Unloading class 0x0000026d816ac400 'jdk/internal/reflect/GeneratedSerializationConstructorAccessor13'
Event: 242.718 Thread 0x0000026de6edb180 Unloading class 0x0000026d816b4000 'org/apache/catalina/loader/JdbcLeakPrevention'
Event: 242.718 Thread 0x0000026de6edb180 Unloading class 0x0000026d816a2000 'org/apache/catalina/loader/JdbcLeakPrevention'
Event: 248.636 Thread 0x0000026de6edb180 Unloading class 0x0000026d816f5000 'jdk/internal/reflect/GeneratedSerializationConstructorAccessor39'
Event: 248.636 Thread 0x0000026de6edb180 Unloading class 0x0000026d816f4c00 'jdk/internal/reflect/GeneratedSerializationConstructorAccessor38'
Event: 248.636 Thread 0x0000026de6edb180 Unloading class 0x0000026d816f4800 'jdk/internal/reflect/GeneratedSerializationConstructorAccessor37'
Event: 248.636 Thread 0x0000026de6edb180 Unloading class 0x0000026d816f4400 'jdk/internal/reflect/GeneratedSerializationConstructorAccessor36'
Event: 248.636 Thread 0x0000026de6edb180 Unloading class 0x0000026d816f4000 'jdk/internal/reflect/GeneratedSerializationConstructorAccessor35'
Event: 248.636 Thread 0x0000026de6edb180 Unloading class 0x0000026d816ea400 'jdk/internal/reflect/GeneratedSerializationConstructorAccessor34'
Event: 248.636 Thread 0x0000026de6edb180 Unloading class 0x0000026d816ea800 'org/apache/catalina/loader/JdbcLeakPrevention'
Event: 252.494 Thread 0x0000026de6edb180 Unloading class 0x0000026d81700800 'jdk/internal/reflect/GeneratedSerializationConstructorAccessor45'
Event: 252.494 Thread 0x0000026de6edb180 Unloading class 0x0000026d81700400 'jdk/internal/reflect/GeneratedSerializationConstructorAccessor44'
Event: 252.494 Thread 0x0000026de6edb180 Unloading class 0x0000026d81700000 'jdk/internal/reflect/GeneratedSerializationConstructorAccessor43'
Event: 252.494 Thread 0x0000026de6edb180 Unloading class 0x0000026d816fcc00 'jdk/internal/reflect/GeneratedSerializationConstructorAccessor42'
Event: 252.494 Thread 0x0000026de6edb180 Unloading class 0x0000026d816fc800 'jdk/internal/reflect/GeneratedSerializationConstructorAccessor41'
Event: 252.494 Thread 0x0000026de6edb180 Unloading class 0x0000026d816fc400 'jdk/internal/reflect/GeneratedSerializationConstructorAccessor40'
Event: 252.494 Thread 0x0000026de6edb180 Unloading class 0x0000026d816f6c00 'org/apache/catalina/loader/JdbcLeakPrevention'

Classes redefined (0 events):
No events

Internal exceptions (20 events):
Event: 248.811 Thread 0x0000026df01a6c90 Exception <a 'java/lang/NoClassDefFoundError'{0x000000070776d028}: jakarta/persistence/EntityManagerFactory> (0x000000070776d028) 
thrown [s\src\hotspot\share\oops\constantPool.cpp, line 873]
Event: 248.812 Thread 0x0000026df01a6c90 Exception <a 'java/lang/NoClassDefFoundError'{0x00000007077ab200}: org/springframework/batch/core/repository/JobRepository> (0x00000007077ab200) 
thrown [s\src\hotspot\share\oops\constantPool.cpp, line 873]
Event: 248.812 Thread 0x0000026df01a6c90 Exception <a 'java/lang/NoClassDefFoundError'{0x00000007077ab858}: org/quartz/Scheduler> (0x00000007077ab858) 
thrown [s\src\hotspot\share\oops\constantPool.cpp, line 873]
Event: 248.812 Thread 0x0000026df01a6c90 Exception <a 'java/lang/NoClassDefFoundError'{0x00000007077abed8}: org/springframework/session/jdbc/JdbcIndexedSessionRepository> (0x00000007077abed8) 
thrown [s\src\hotspot\share\oops\constantPool.cpp, line 873]
Event: 248.831 Thread 0x0000026df01a6c90 Exception <a 'java/io/FileNotFoundException'{0x0000000707382c50}> (0x0000000707382c50) 
thrown [s\src\hotspot\share\prims\jni.cpp, line 520]
Event: 248.848 Thread 0x0000026df01a6c90 Exception <a 'java/io/FileNotFoundException'{0x00000007071d86c0}> (0x00000007071d86c0) 
thrown [s\src\hotspot\share\prims\jni.cpp, line 520]
Event: 252.487 Thread 0x0000026df01a8d60 Exception <a 'java/lang/InterruptedException'{0x0000000708091f70}: sleep interrupted> (0x0000000708091f70) 
thrown [s\src\hotspot\share\prims\jvm.cpp, line 3074]
Event: 252.517 Thread 0x0000026ded3bc860 Exception <a 'sun/nio/fs/WindowsException'{0x0000000709071600}> (0x0000000709071600) 
thrown [s\src\hotspot\share\prims\jni.cpp, line 520]
Event: 252.652 Thread 0x0000026ded3bc860 Exception <a 'java/lang/NoClassDefFoundError'{0x0000000707780700}: org/flywaydb/core/Flyway> (0x0000000707780700) 
thrown [s\src\hotspot\share\oops\constantPool.cpp, line 873]
Event: 252.652 Thread 0x0000026ded3bc860 Exception <a 'java/lang/NoClassDefFoundError'{0x0000000707780d60}: liquibase/integration/spring/SpringLiquibase> (0x0000000707780d60) 
thrown [s\src\hotspot\share\oops\constantPool.cpp, line 873]
Event: 252.653 Thread 0x0000026ded3bc860 Exception <a 'java/lang/NoClassDefFoundError'{0x00000007077953c0}: org/jooq/DSLContext> (0x00000007077953c0) 
thrown [s\src\hotspot\share\oops\constantPool.cpp, line 873]
Event: 252.653 Thread 0x0000026ded3bc860 Exception <a 'java/lang/NoClassDefFoundError'{0x00000007077967a0}: jakarta/persistence/EntityManagerFactory> (0x00000007077967a0) 
thrown [s\src\hotspot\share\oops\constantPool.cpp, line 873]
Event: 252.654 Thread 0x0000026ded3bc860 Exception <a 'java/lang/NoClassDefFoundError'{0x00000007077d4950}: org/springframework/batch/core/repository/JobRepository> (0x00000007077d4950) 
thrown [s\src\hotspot\share\oops\constantPool.cpp, line 873]
Event: 252.654 Thread 0x0000026ded3bc860 Exception <a 'java/lang/NoClassDefFoundError'{0x00000007077d4fa8}: org/quartz/Scheduler> (0x00000007077d4fa8) 
thrown [s\src\hotspot\share\oops\constantPool.cpp, line 873]
Event: 252.654 Thread 0x0000026ded3bc860 Exception <a 'java/lang/NoClassDefFoundError'{0x00000007077d5628}: org/springframework/session/jdbc/JdbcIndexedSessionRepository> (0x00000007077d5628) 
thrown [s\src\hotspot\share\oops\constantPool.cpp, line 873]
Event: 252.672 Thread 0x0000026ded3bc860 Exception <a 'java/io/FileNotFoundException'{0x00000007073a9400}> (0x00000007073a9400) 
thrown [s\src\hotspot\share\prims\jni.cpp, line 520]
Event: 252.689 Thread 0x0000026ded3bc860 Exception <a 'java/io/FileNotFoundException'{0x00000007071fad60}> (0x00000007071fad60) 
thrown [s\src\hotspot\share\prims\jni.cpp, line 520]
Event: 257.720 Thread 0x0000026ded3c1720 Exception <a 'java/lang/NoSuchMethodError'{0x0000000707f01230}: 'java.lang.Object java.lang.invoke.DirectMethodHandle$Holder.invokeSpecial(java.lang.Object, java.lang.Object, java.lang.Object, java.lang.Object, java.lang.Object, int, java.lang.Object)'> (0x0000000707f01230) 
thrown [s\src\hotspot\share\interpreter\linkResolver.cpp, line 773]
Event: 257.720 Thread 0x0000026ded3c1720 Exception <a 'java/lang/NoSuchMethodError'{0x0000000707f05368}: 'java.lang.Object java.lang.invoke.Invokers$Holder.linkToTargetMethod(java.lang.Object, java.lang.Object, java.lang.Object, int, java.lang.Object, java.lang.Object)'> (0x0000000707f05368) 
thrown [s\src\hotspot\share\interpreter\linkResolver.cpp, line 773]
Event: 257.722 Thread 0x0000026ded3c1720 Implicit null exception at 0x0000026dd843d97f to 0x0000026dd843db5c

ZGC Phase Switch (0 events):
No events

VM Operations (20 events):
Event: 243.986 Executing VM operation: Cleanup
Event: 243.986 Executing VM operation: Cleanup done
Event: 248.628 Executing VM operation: G1CollectFull (System.gc())
Event: 248.654 Executing VM operation: G1CollectFull (System.gc()) done
Event: 248.903 Executing VM operation: G1CollectForAllocation (G1 Evacuation Pause)
Event: 248.905 Executing VM operation: G1CollectForAllocation (G1 Evacuation Pause) done
Event: 249.906 Executing VM operation: Cleanup
Event: 249.906 Executing VM operation: Cleanup done
Event: 252.487 Executing VM operation: G1CollectFull (System.gc())
Event: 252.512 Executing VM operation: G1CollectFull (System.gc()) done
Event: 252.736 Executing VM operation: G1CollectForAllocation (G1 Evacuation Pause)
Event: 252.739 Executing VM operation: G1CollectForAllocation (G1 Evacuation Pause) done
Event: 253.754 Executing VM operation: Cleanup
Event: 253.754 Executing VM operation: Cleanup done
Event: 257.809 Executing VM operation: Cleanup
Event: 257.809 Executing VM operation: Cleanup done
Event: 258.817 Executing VM operation: Cleanup
Event: 258.817 Executing VM operation: Cleanup done
Event: 259.828 Executing VM operation: Cleanup
Event: 259.828 Executing VM operation: Cleanup done

Memory protections (0 events):
No events

Nmethod flushes (20 events):
Event: 252.500 Thread 0x0000026de6edb180 flushing  nmethod 0x0000026dd0875190
Event: 252.500 Thread 0x0000026de6edb180 flushing  nmethod 0x0000026dd0876710
Event: 252.500 Thread 0x0000026de6edb180 flushing  nmethod 0x0000026dd08a8b10
Event: 252.500 Thread 0x0000026de6edb180 flushing  nmethod 0x0000026dd099cf10
Event: 252.500 Thread 0x0000026de6edb180 flushing  nmethod 0x0000026dd09cfa10
Event: 252.500 Thread 0x0000026de6edb180 flushing  nmethod 0x0000026dd09da090
Event: 252.500 Thread 0x0000026de6edb180 flushing  nmethod 0x0000026dd0aae890
Event: 252.500 Thread 0x0000026de6edb180 flushing  nmethod 0x0000026dd0aaf110
Event: 252.500 Thread 0x0000026de6edb180 flushing  nmethod 0x0000026dd0b10690
Event: 252.500 Thread 0x0000026de6edb180 flushing  nmethod 0x0000026dd0bd7290
Event: 252.500 Thread 0x0000026de6edb180 flushing  nmethod 0x0000026dd0c24590
Event: 252.500 Thread 0x0000026de6edb180 flushing  nmethod 0x0000026dd0c6d590
Event: 252.500 Thread 0x0000026de6edb180 flushing  nmethod 0x0000026dd0cd4a90
Event: 252.500 Thread 0x0000026de6edb180 flushing  nmethod 0x0000026dd0d72a10
Event: 252.500 Thread 0x0000026de6edb180 flushing  nmethod 0x0000026dd0d79a90
Event: 252.500 Thread 0x0000026de6edb180 flushing  nmethod 0x0000026dd0d8c590
Event: 252.500 Thread 0x0000026de6edb180 flushing  nmethod 0x0000026dd0d8ca90
Event: 252.500 Thread 0x0000026de6edb180 flushing  nmethod 0x0000026dd0dfe590
Event: 252.500 Thread 0x0000026de6edb180 flushing  nmethod 0x0000026dd0eb6910
Event: 252.500 Thread 0x0000026de6edb180 flushing  nmethod 0x0000026dd0f23810

Events (20 events):
Event: 252.791 Thread 0x0000026ded3bc860 Thread exited: 0x0000026ded3bc860
Event: 252.791 Thread 0x0000026ded3bd580 Thread exited: 0x0000026ded3bd580
Event: 252.877 Thread 0x0000026ded3be930 Thread added: 0x0000026ded3bc860
Event: 253.113 Thread 0x0000026dee3cadc0 Thread exited: 0x0000026dee3cadc0
Event: 257.312 Thread 0x0000026ded191fd0 Thread exited: 0x0000026ded191fd0
Event: 257.312 Thread 0x0000026ded190490 Thread exited: 0x0000026ded190490
Event: 257.315 Thread 0x0000026de7b28210 Thread added: 0x0000026ded190490
Event: 257.316 Thread 0x0000026de7b28210 Thread added: 0x0000026ded191fd0
Event: 257.316 Thread 0x0000026de7b28210 Thread added: 0x0000026dee3cc900
Event: 257.316 Thread 0x0000026de7b28210 Thread added: 0x0000026dee3ca020
Event: 257.614 Thread 0x0000026dee3ca020 Thread exited: 0x0000026dee3ca020
Event: 257.614 Thread 0x0000026dee3cc900 Thread exited: 0x0000026dee3cc900
Event: 257.614 Thread 0x0000026ded191fd0 Thread exited: 0x0000026ded191fd0
Event: 257.713 Thread 0x0000026de7b28210 Thread added: 0x0000026ded191fd0
Event: 257.713 Thread 0x0000026de7b28210 Thread added: 0x0000026dee3cbb60
Event: 258.305 Thread 0x0000026ded3bc860 Thread exited: 0x0000026ded3bc860
Event: 259.670 Thread 0x0000026dee3cbb60 Thread exited: 0x0000026dee3cbb60
Event: 259.670 Thread 0x0000026ded191fd0 Thread exited: 0x0000026ded191fd0
Event: 259.670 Thread 0x0000026ded190490 Thread exited: 0x0000026ded190490
Event: 259.671 Thread 0x0000026de7b28210 Thread added: 0x0000026ded191fd0


Dynamic libraries:
0x00007ff70f4a0000 - 0x00007ff70f4ae000 	C:\Users\DELL\.p2\pool\plugins\org.eclipse.justj.openjdk.hotspot.jre.full.win32.x86_64_21.0.7.v20250502-0916\jre\bin\javaw.exe
0x00007fff9d640000 - 0x00007fff9d8a7000 	C:\WINDOWS\SYSTEM32\ntdll.dll
0x00007fff9c330000 - 0x00007fff9c3f9000 	C:\WINDOWS\System32\KERNEL32.DLL
0x00007fff9aa40000 - 0x00007fff9ae30000 	C:\WINDOWS\System32\KERNELBASE.dll
0x00007fff9a770000 - 0x00007fff9a8bb000 	C:\WINDOWS\System32\ucrtbase.dll
0x00007fff84d60000 - 0x00007fff84d78000 	C:\Users\DELL\.p2\pool\plugins\org.eclipse.justj.openjdk.hotspot.jre.full.win32.x86_64_21.0.7.v20250502-0916\jre\bin\jli.dll
0x00007fff835f0000 - 0x00007fff8360e000 	C:\Users\DELL\.p2\pool\plugins\org.eclipse.justj.openjdk.hotspot.jre.full.win32.x86_64_21.0.7.v20250502-0916\jre\bin\VCRUNTIME140.dll
0x00007fff9b6b0000 - 0x00007fff9b875000 	C:\WINDOWS\System32\USER32.dll
0x00007fff9b050000 - 0x00007fff9b077000 	C:\WINDOWS\System32\win32u.dll
0x00007fff99c00000 - 0x00007fff99e9a000 	C:\WINDOWS\WinSxS\amd64_microsoft.windows.common-controls_6595b64144ccf1df_6.0.26100.4768_none_3e0c112ce331287c\COMCTL32.dll
0x00007fff9ba20000 - 0x00007fff9ba4b000 	C:\WINDOWS\System32\GDI32.dll
0x00007fff9c680000 - 0x00007fff9c729000 	C:\WINDOWS\System32\msvcrt.dll
0x00007fff9b1d0000 - 0x00007fff9b308000 	C:\WINDOWS\System32\gdi32full.dll
0x00007fff9b080000 - 0x00007fff9b123000 	C:\WINDOWS\System32\msvcp_win.dll
0x00007fff9ce70000 - 0x00007fff9ce9f000 	C:\WINDOWS\System32\IMM32.DLL
0x00007fff835e0000 - 0x00007fff835ec000 	C:\Users\DELL\.p2\pool\plugins\org.eclipse.justj.openjdk.hotspot.jre.full.win32.x86_64_21.0.7.v20250502-0916\jre\bin\vcruntime140_1.dll
0x00007fff81890000 - 0x00007fff8191d000 	C:\Users\DELL\.p2\pool\plugins\org.eclipse.justj.openjdk.hotspot.jre.full.win32.x86_64_21.0.7.v20250502-0916\jre\bin\msvcp140.dll
0x00007fff00490000 - 0x00007fff01220000 	C:\Users\DELL\.p2\pool\plugins\org.eclipse.justj.openjdk.hotspot.jre.full.win32.x86_64_21.0.7.v20250502-0916\jre\bin\server\jvm.dll
0x00007fff9bb80000 - 0x00007fff9bc34000 	C:\WINDOWS\System32\ADVAPI32.dll
0x00007fff9ba60000 - 0x00007fff9bb06000 	C:\WINDOWS\System32\sechost.dll
0x00007fff9b880000 - 0x00007fff9b998000 	C:\WINDOWS\System32\RPCRT4.dll
0x00007fff9c2b0000 - 0x00007fff9c324000 	C:\WINDOWS\System32\WS2_32.dll
0x00007fff99fe0000 - 0x00007fff9a03e000 	C:\WINDOWS\SYSTEM32\POWRPROF.dll
0x00007fff8c4d0000 - 0x00007fff8c505000 	C:\WINDOWS\SYSTEM32\WINMM.dll
0x00007fff8ee80000 - 0x00007fff8ee8b000 	C:\WINDOWS\SYSTEM32\VERSION.dll
0x00007fff99ea0000 - 0x00007fff99eb4000 	C:\WINDOWS\SYSTEM32\UMPDC.dll
0x00007fff98c00000 - 0x00007fff98c1b000 	C:\WINDOWS\SYSTEM32\kernel.appcore.dll
0x00007fff835d0000 - 0x00007fff835da000 	C:\Users\DELL\.p2\pool\plugins\org.eclipse.justj.openjdk.hotspot.jre.full.win32.x86_64_21.0.7.v20250502-0916\jre\bin\jimage.dll
0x00007fff9a050000 - 0x00007fff9a291000 	C:\WINDOWS\SYSTEM32\DBGHELP.DLL
0x00007fff9be90000 - 0x00007fff9c215000 	C:\WINDOWS\System32\combase.dll
0x00007fff9c730000 - 0x00007fff9c810000 	C:\WINDOWS\System32\OLEAUT32.dll
0x00007fff99ec0000 - 0x00007fff99f03000 	C:\WINDOWS\SYSTEM32\dbgcore.DLL
0x00007fff9b130000 - 0x00007fff9b1c9000 	C:\WINDOWS\System32\bcryptPrimitives.dll
0x00007fff81870000 - 0x00007fff8188f000 	C:\Users\DELL\.p2\pool\plugins\org.eclipse.justj.openjdk.hotspot.jre.full.win32.x86_64_21.0.7.v20250502-0916\jre\bin\java.dll
0x00007fff9ceb0000 - 0x00007fff9d5fd000 	C:\WINDOWS\System32\SHELL32.dll
0x00007fff9aed0000 - 0x00007fff9b043000 	C:\WINDOWS\System32\wintypes.dll
0x00007fff97880000 - 0x00007fff980e0000 	C:\WINDOWS\SYSTEM32\windows.storage.dll
0x00007fff9b3e0000 - 0x00007fff9b4d5000 	C:\WINDOWS\System32\SHCORE.dll
0x00007fff9bb10000 - 0x00007fff9bb7a000 	C:\WINDOWS\System32\shlwapi.dll
0x00007fff9a690000 - 0x00007fff9a6b9000 	C:\WINDOWS\SYSTEM32\profapi.dll
0x00007fff81850000 - 0x00007fff81868000 	C:\Users\DELL\.p2\pool\plugins\org.eclipse.justj.openjdk.hotspot.jre.full.win32.x86_64_21.0.7.v20250502-0916\jre\bin\zip.dll
0x00007fff835c0000 - 0x00007fff835d0000 	C:\Users\DELL\.p2\pool\plugins\org.eclipse.justj.openjdk.hotspot.jre.full.win32.x86_64_21.0.7.v20250502-0916\jre\bin\net.dll
0x00007fff8ffa0000 - 0x00007fff900be000 	C:\WINDOWS\SYSTEM32\WINHTTP.dll
0x00007fff99130000 - 0x00007fff9919b000 	C:\WINDOWS\system32\mswsock.dll
0x00007fff81830000 - 0x00007fff81846000 	C:\Users\DELL\.p2\pool\plugins\org.eclipse.justj.openjdk.hotspot.jre.full.win32.x86_64_21.0.7.v20250502-0916\jre\bin\nio.dll
0x00007fff817f0000 - 0x00007fff817fa000 	C:\Users\DELL\.p2\pool\plugins\org.eclipse.justj.openjdk.hotspot.jre.full.win32.x86_64_21.0.7.v20250502-0916\jre\bin\management.dll
0x00007fff817e0000 - 0x00007fff817eb000 	C:\Users\DELL\.p2\pool\plugins\org.eclipse.justj.openjdk.hotspot.jre.full.win32.x86_64_21.0.7.v20250502-0916\jre\bin\management_ext.dll
0x00007fff9ba50000 - 0x00007fff9ba58000 	C:\WINDOWS\System32\PSAPI.DLL
0x00007fff817d0000 - 0x00007fff817de000 	C:\Users\DELL\.p2\pool\plugins\org.eclipse.justj.openjdk.hotspot.jre.full.win32.x86_64_21.0.7.v20250502-0916\jre\bin\sunmscapi.dll
0x00007fff9a8c0000 - 0x00007fff9aa37000 	C:\WINDOWS\System32\CRYPT32.dll
0x00007fff99740000 - 0x00007fff99770000 	C:\WINDOWS\SYSTEM32\ncrypt.dll
0x00007fff996f0000 - 0x00007fff9972f000 	C:\WINDOWS\SYSTEM32\NTASN1.dll
0x00007fff9a3c0000 - 0x00007fff9a3db000 	C:\WINDOWS\SYSTEM32\CRYPTSP.dll
0x00007fff997f0000 - 0x00007fff9982b000 	C:\WINDOWS\system32\rsaenh.dll
0x00007fff991a0000 - 0x00007fff991cb000 	C:\WINDOWS\SYSTEM32\USERENV.dll
0x00007fff9a660000 - 0x00007fff9a686000 	C:\WINDOWS\SYSTEM32\bcrypt.dll
0x00007fff997e0000 - 0x00007fff997ec000 	C:\WINDOWS\SYSTEM32\CRYPTBASE.dll
0x00007fff98680000 - 0x00007fff986b3000 	C:\WINDOWS\SYSTEM32\IPHLPAPI.DLL
0x00007fff9bc40000 - 0x00007fff9bc4a000 	C:\WINDOWS\System32\NSI.dll
0x00007fff98720000 - 0x00007fff98846000 	C:\WINDOWS\SYSTEM32\DNSAPI.dll
0x00007fff90960000 - 0x00007fff9096b000 	C:\Windows\System32\rasadhlp.dll
0x00007fff90d30000 - 0x00007fff90db6000 	C:\WINDOWS\System32\fwpuclnt.dll
0x00007fff817c0000 - 0x00007fff817c9000 	C:\Users\DELL\.p2\pool\plugins\org.eclipse.justj.openjdk.hotspot.jre.full.win32.x86_64_21.0.7.v20250502-0916\jre\bin\extnet.dll
0x00007fff66370000 - 0x00007fff66378000 	C:\WINDOWS\system32\wshunix.dll

dbghelp: loaded successfully - version: 4.0.5 - missing functions: none
symbol engine: initialized successfully - sym options: 0x614 - pdb path: .;C:\Users\DELL\.p2\pool\plugins\org.eclipse.justj.openjdk.hotspot.jre.full.win32.x86_64_21.0.7.v20250502-0916\jre\bin;C:\WINDOWS\SYSTEM32;C:\WINDOWS\WinSxS\amd64_microsoft.windows.common-controls_6595b64144ccf1df_6.0.26100.4768_none_3e0c112ce331287c;C:\Users\DELL\.p2\pool\plugins\org.eclipse.justj.openjdk.hotspot.jre.full.win32.x86_64_21.0.7.v20250502-0916\jre\bin\server

VM Arguments:
jvm_args: -Dfile.encoding=UTF-8 -Dstdout.encoding=UTF-8 -Dstderr.encoding=UTF-8 -XX:+ShowCodeDetailsInExceptionMessages 
java_command: com.rms.restaurant_management_system_backend.RestaurantManagementSystemBackendApplication
java_class_path (initial): C:\Users\DELL\OneDrive\Desktop\Medplus\Java\restaurant-management-system-backend\target\classes;C:\Users\DELL\.m2\repository\org\springframework\boot\spring-boot-starter-data-jdbc\3.5.4\spring-boot-starter-data-jdbc-3.5.4.jar;C:\Users\DELL\.m2\repository\org\springframework\boot\spring-boot-starter-jdbc\3.5.4\spring-boot-starter-jdbc-3.5.4.jar;C:\Users\DELL\.m2\repository\com\zaxxer\HikariCP\6.3.1\HikariCP-6.3.1.jar;C:\Users\DELL\.m2\repository\org\springframework\spring-jdbc\6.2.9\spring-jdbc-6.2.9.jar;C:\Users\DELL\.m2\repository\org\springframework\data\spring-data-jdbc\3.5.2\spring-data-jdbc-3.5.2.jar;C:\Users\DELL\.m2\repository\org\springframework\data\spring-data-relational\3.5.2\spring-data-relational-3.5.2.jar;C:\Users\DELL\.m2\repository\org\springframework\data\spring-data-commons\3.5.2\spring-data-commons-3.5.2.jar;C:\Users\DELL\.m2\repository\org\springframework\spring-tx\6.2.9\spring-tx-6.2.9.jar;C:\Users\DELL\.m2\repository\org\springframework\spring-context\6.2.9\spring-context-6.2.9.jar;C:\Users\DELL\.m2\repository\org\springframework\spring-beans\6.2.9\spring-beans-6.2.9.jar;C:\Users\DELL\.m2\repository\org\slf4j\slf4j-api\2.0.17\slf4j-api-2.0.17.jar;C:\Users\DELL\.m2\repository\org\springframework\boot\spring-boot-starter-validation\3.5.4\spring-boot-starter-validation-3.5.4.jar;C:\Users\DELL\.m2\repository\org\springframework\boot\spring-boot-starter\3.5.4\spring-boot-starter-3.5.4.jar;C:\Users\DELL\.m2\repository\org\springframework\boot\spring-boot-starter-logging\3.5.4\spring-boot-starter-logging-3.5.4.jar;C:\Users\DELL\.m2\repository\ch\qos\logback\logback-classic\1.5.18\logback-classic-1.5.18.jar;C:\Users\DELL\.m2\repository\ch\qos\logback\logback-core\1.5.18\logback-core-1.5.18.jar;C:\Users\DELL\.m2\repository\org\apache\logging\log4j\log4j-to-slf4j\2.24.3\log4j-to-slf4j-2.24.3.jar;C:\Users\DELL\.m2\repository\org\apache\logging\log4j\log4j-api\2.24.3\log4j-api-2.24.3.jar;C:\Users\DELL\.m2\repository\org\slf4j\jul-to-slf4j\2.0.17\jul-to-slf4j-2.0.17.jar;C:\Users\DELL\.m2\repository\jakarta\annotation\jakarta.annotation-api\2.1.1\jakarta.annotation-api-2.1.1.jar;C:\Users\DELL\.m2\repository\org\yaml\snakeyaml\2.4\snakeyaml-2.4.jar;C:\Users\DELL\.m2\repository\org\apache\tomcat\embed\tomcat-embed-el\10.1.43\tomcat-embed-el-10.1.43.jar;C:\Users\DELL\.m2\repository\org\hibernate\validator\hibernate-validator\8.0.2.Final\hibernate-validator-8.0.2.Final.jar;C:\Users\DELL\.m2\repository\jakarta\validation\jakarta.validation-api\3.0.2\jakarta.validation-api-3.0.2.jar;C:\Users\DELL\.m2\repository\org\jboss\logging\jboss-logging\3.6.1.Final\jboss-logging-3.6.1.Final.jar;C:\Users\DELL\.m2\repository\com\fasterxml\classmate\1.7.0\classmate-1.7.0.jar;C:\Users\DELL\.m2\repository\org\springframework\boot\spring-boot-starter-web\3.5.4\spring-boot-starter-web-3.5.4.jar;C:\Users\DELL\.m2\repository\org\springframework\boot\spring-boot-starter-json\3.5.4\spring-boot-starter-json-3.5.4.jar;C:\Users\DELL\.m2\repository\com\fasterxml\jackson\datatype\jackson-datatype-jdk8\2.19.2\jackson-datatype-jdk8-2.19.2.jar;C:\Users\DELL\.m2\repository\com\fasterxml\jackson\datatype\jackson-datatype-jsr310\2.19.2\jackson-datatype-jsr310-2.19.2.jar;C:\Users\DELL\.m2\repository\com\fasterxml\jackson\module\jackson-module-parameter-names\2.19.2\jackson-module-parameter-names-2.19.2.jar;C:\Users\DELL\.m2\repository\org\springframework\boot\spring-boot-starter-tomcat\3.5.4\spring-boot-starter-tomcat-3.5.4.jar;C:\Users\DELL\.m2\repository\org\apache\tomcat\embed\tomcat-embed-core\10.1.43\tomcat-embed-core-10.1.43.jar;C:\Users\DELL\.m2\repository\org\apache\tomcat\embed\tomcat-embed-websocket\10.1.43\tomcat-embed-websocket-10.1.43.jar;C:\Users\DELL\.m2\repository\org\springframework\spring-web\6.2.9\spring-web-6.2.9.jar;C:\Users\DELL\.m2\repository\io\micrometer\micrometer-observation\1.15.2\micrometer-observation-1.15.2.jar;C:\Users\DELL\.m2\repository\io\micrometer\micrometer-commons\1.15.2\micrometer-commons-1.15.2.jar;C:\Users\DELL\.m2\repository\org\springframework\spring-webmvc\6.2.9\spring-webmvc-6.2.9.jar;C:\Users\DELL\.m2\repository\org\springframework\spring-expression\6.2.9\spring-expression-6.2.9.jar;C:\Users\DELL\.m2\repository\org\springframework\boot\spring-boot-starter-security\3.5.4\spring-boot-starter-security-3.5.4.jar;C:\Users\DELL\.m2\repository\org\springframework\spring-aop\6.2.9\spring-aop-6.2.9.jar;C:\Users\DELL\.m2\repository\org\springframework\security\spring-security-config\6.5.2\spring-security-config-6.5.2.jar;C:\Users\DELL\.m2\repository\org\springframework\security\spring-security-web\6.5.2\spring-security-web-6.5.2.jar;C:\Users\DELL\.m2\repository\org\springframework\boot\spring-boot-devtools\3.5.4\spring-boot-devtools-3.5.4.jar;C:\Users\DELL\.m2\repository\org\springframework\boot\spring-boot\3.5.4\spring-boot-3.5.4.jar;C:\Users\DELL\.m2\repository\org\springframework\boot\spring-boot-autoconfigure\3.5.4\spring-boot-autoconfigure-3.5.4.jar;C:\Users\DELL\.m2\repository\io\jsonwebtoken\jjwt-api\0.11.5\jjwt-api-0.11.5.jar;C:\Users\DELL\.m2\repository\io\jsonwebtoken\jjwt-impl\0.11.5\jjwt-impl-0.11.5.jar;C:\Users\DELL\.m2\repository\io\jsonwebtoken\jjwt-jackson\0.11.5\jjwt-jackson-0.11.5.jar;C:\Users\DELL\.m2\repository\com\fasterxml\jackson\core\jackson-databind\2.19.2\jackson-databind-2.19.2.jar;C:\Users\DELL\.m2\repository\com\fasterxml\jackson\core\jackson-annotations\2.19.2\jackson-annotations-2.19.2.jar;C:\Users\DELL\.m2\repository\com\fasterxml\jackson\core\jackson-core\2.19.2\jackson-core-2.19.2.jar;C:\Users\DELL\.m2\repository\com\mysql\mysql-connector-j\9.3.0\mysql-connector-j-9.3.0.jar;C:\Users\DELL\.m2\repository\org\projectlombok\lombok\1.18.38\lombok-1.18.38.jar;C:\Users\DELL\.m2\repository\org\springframework\spring-core\6.2.9\spring-core-6.2.9.jar;C:\Users\DELL\.m2\repository\org\springframework\spring-jcl\6.2.9\spring-jcl-6.2.9.jar;C:\Users\DELL\.m2\repository\org\springframework\security\spring-security-core\6.5.2\spring-security-core-6.5.2.jar;C:\Users\DELL\.m2\repository\org\springframework\security\spring-security-crypto\6.5.2\spring-security-crypto-6.5.2.jar
Launcher Type: SUN_STANDARD

[Global flags]
     intx CICompilerCount                          = 12                                        {product} {ergonomic}
     uint ConcGCThreads                            = 3                                         {product} {ergonomic}
     uint G1ConcRefinementThreads                  = 13                                        {product} {ergonomic}
   size_t G1HeapRegionSize                         = 2097152                                   {product} {ergonomic}
    uintx GCDrainStackTargetSize                   = 64                                        {product} {ergonomic}
   size_t InitialHeapSize                          = 264241152                                 {product} {ergonomic}
   size_t MarkStackSize                            = 4194304                                   {product} {ergonomic}
   size_t MaxHeapSize                              = 4225761280                                {product} {ergonomic}
   size_t MaxNewSize                               = 2535456768                                {product} {ergonomic}
   size_t MinHeapDeltaBytes                        = 2097152                                   {product} {ergonomic}
   size_t MinHeapSize                              = 8388608                                   {product} {ergonomic}
    uintx NonNMethodCodeHeapSize                   = 7602480                                {pd product} {ergonomic}
    uintx NonProfiledCodeHeapSize                  = 122027880                              {pd product} {ergonomic}
    uintx ProfiledCodeHeapSize                     = 122027880                              {pd product} {ergonomic}
    uintx ReservedCodeCacheSize                    = 251658240                              {pd product} {ergonomic}
     bool SegmentedCodeCache                       = true                                      {product} {ergonomic}
     bool ShowCodeDetailsInExceptionMessages       = true                                   {manageable} {command line}
   size_t SoftMaxHeapSize                          = 4225761280                             {manageable} {ergonomic}
     bool UseCompressedOops                        = true                           {product lp64_product} {ergonomic}
     bool UseG1GC                                  = true                                      {product} {ergonomic}
     bool UseLargePagesIndividualAllocation        = false                                  {pd product} {ergonomic}

Logging:
Log output configuration:
 #0: stdout all=warning uptime,level,tags foldmultilines=false
 #1: stderr all=off uptime,level,tags foldmultilines=false

Environment Variables:
JAVA_HOME=C:\Program Files\Java\jdk-22
PATH=C:/Users/DELL/.p2/pool/plugins/org.eclipse.justj.openjdk.hotspot.jre.full.win32.x86_64_21.0.8.v20250724-1412/jre/bin/server;C:/Users/DELL/.p2/pool/plugins/org.eclipse.justj.openjdk.hotspot.jre.full.win32.x86_64_21.0.8.v20250724-1412/jre/bin;C:\Program Files\Eclipse Adoptium\jdk-8.0.452.9-hotspot\bin;C:\Program Files\Common Files\Oracle\Java\javapath;C:\WINDOWS\system32;C:\WINDOWS;C:\WINDOWS\System32\Wbem;C:\WINDOWS\System32\WindowsPowerShell\v1.0\;C:\WINDOWS\System32\OpenSSH\;C:\Program Files\Git\cmd;C:\Users\DELL\AppData\Local\Programs\Python\Python312;C:\Users\DELL\AppData\Local\Programs\Python\Python312\Scripts;C:\Program Files\Java\jdk-22\bin;C:\Program Files\dotnet\;C:\Users\DELL\AppData\Roaming\Microsoft\Windows\Start Menu\Programs\Python 3.11;C:\Program Files (x86)\NVIDIA Corporation\PhysX\Common;C:\Program Files\nodejs\;C:\Program Files\MySQL\MySQL Shell 8.0\bin\;C:\Users\DELL\AppData\Local\Programs\Python\Python38\Scripts\;C:\Users\DELL\AppData\Local\Programs\Python\Python38\;C:\Users\DELL\AppData\Local\Programs\Python\Python311\Scripts\;C:\Users\DELL\AppData\Local\Programs\Python\Python311\;C:\Users\DELL\AppData\Local\Programs\Python\Launcher\;C:\Users\DELL\AppData\Local\Microsoft\WindowsApps;C:\Users\DELL\AppData\Local\Programs\Python\Python312;C:\Users\DELL\AppData\Roaming\Microsoft\Windows\Start Menu\Programs\Python 3.12;C:\Users\DELL\AppData\Roaming\Microsoft\Windows\Start Menu\Programs\Python 3.8;C:\Users\DELL\AppData\Local\Programs\Microsoft VS Code\bin;C:\Users\DELL\AppData\Roaming\npm;C:\WINDOWS\system32;
USERNAME=DELL
OS=Windows_NT
PROCESSOR_IDENTIFIER=Intel64 Family 6 Model 141 Stepping 1, GenuineIntel
TMP=C:\Users\DELL\AppData\Local\Temp
TEMP=C:\Users\DELL\AppData\Local\Temp




Periodic native trim disabled

---------------  S Y S T E M  ---------------

OS:
 Windows 11 , 64 bit Build 26100 (10.0.26100.4768)
OS uptime: 0 days 0:08 hours
Hyper-V role detected

CPU: total 16 (initial active 16) (8 cores per cpu, 2 threads per core) family 6 model 141 stepping 1 microcode 0x56, cx8, cmov, fxsr, ht, mmx, 3dnowpref, sse, sse2, sse3, ssse3, sse4.1, sse4.2, popcnt, lzcnt, tsc, tscinvbit, avx, avx2, aes, erms, clmul, bmi1, bmi2, adx, avx512f, avx512dq, avx512cd, avx512bw, avx512vl, sha, fma, vzeroupper, avx512_vpopcntdq, avx512_vpclmulqdq, avx512_vaes, avx512_vnni, clflush, clflushopt, clwb, avx512_vbmi2, avx512_vbmi, hv, rdtscp, rdpid, fsrm, gfni, avx512_bitalg, f16c, cet_ibt, cet_ss, avx512_ifma
Processor Information for the first 16 processors :
  Max Mhz: 2304, Current Mhz: 2304, Mhz Limit: 2304

Memory: 4k page, system-wide physical 16114M (2260M free)
TotalPageFile size 22514M (AvailPageFile size 6110M)
current process WorkingSet (physical memory assigned to process): 250M, peak: 285M
current process commit charge ("private bytes"): 290M, peak: 434M

vm_info: OpenJDK 64-Bit Server VM (21.0.7+6-LTS) for windows-amd64 JRE (21.0.7+6-LTS), built on 2025-04-15T00:00:00Z by "admin" with MS VC++ 17.7 (VS2022)

END.
